2016-08-12 15:04:11,164 - Trying to use logger class org.apache.velocity.runtime.log.Log4JLogChute
2016-08-12 15:04:11,164 - Using logger class org.apache.velocity.runtime.log.Log4JLogChute
2016-08-12 15:04:11,166 - Default ResourceManager initializing. (class org.apache.velocity.runtime.resource.ResourceManagerImpl)
2016-08-12 15:04:11,169 - ResourceLoader instantiated: org.apache.velocity.runtime.resource.loader.FileResourceLoader
2016-08-12 15:04:11,170 - Do unicode file recognition:  false
2016-08-12 15:04:11,170 - FileResourceLoader : adding path '.'
2016-08-12 15:04:11,181 - ResourceCache: initialized (class org.apache.velocity.runtime.resource.ResourceCacheImpl)
2016-08-12 15:04:11,183 - Loaded System Directive: org.apache.velocity.runtime.directive.Literal
2016-08-12 15:04:11,184 - Loaded System Directive: org.apache.velocity.runtime.directive.Macro
2016-08-12 15:04:11,185 - Loaded System Directive: org.apache.velocity.runtime.directive.Parse
2016-08-12 15:04:11,186 - Loaded System Directive: org.apache.velocity.runtime.directive.Include
2016-08-12 15:04:11,186 - Loaded System Directive: org.apache.velocity.runtime.directive.Foreach
2016-08-12 15:04:11,196 - Created '20' parsers.
2016-08-12 15:04:11,211 - Velocimacro : "velocimacro.library" is not set.  Trying default library: VM_global_library.vm
2016-08-12 15:04:11,211 - Velocimacro : Default library not found.
2016-08-12 15:04:11,211 - Velocimacro : allowInline = true : VMs can be defined inline in templates
2016-08-12 15:04:11,211 - Velocimacro : allowInlineToOverride = false : VMs defined inline may NOT replace previous VM definitions
2016-08-12 15:04:11,211 - Velocimacro : allowInlineLocal = false : VMs defined inline will be global in scope if allowed.
2016-08-12 15:04:11,211 - Velocimacro : autoload off : VM system will not automatically reload global library macros
2016-08-12 15:38:06,414 - Log4JLogChute initialized using file 'velocity.log'
2016-08-12 15:38:06,414 - Velocity was not initialized! Calling init()...
2016-08-12 15:38:06,414 - Starting Apache Velocity v1.5 (compiled: 2007-02-22 08:52:29)
2016-08-12 15:38:06,414 - Default Properties File: org\apache\velocity\runtime\defaults\velocity.properties
2016-08-12 15:38:06,414 - Trying to use logger class org.apache.velocity.runtime.log.AvalonLogChute
2016-08-12 15:38:06,414 - Couldn't find class org.apache.velocity.runtime.log.AvalonLogChute or necessary supporting classes in classpath.
java.lang.NoClassDefFoundError: org/apache/log/format/Formatter
	at java.lang.Class.forName0(Native Method)
	at java.lang.Class.forName(Class.java:348)
	at org.apache.velocity.util.ClassUtils.getClass(ClassUtils.java:63)
	at org.apache.velocity.util.ClassUtils.getNewInstance(ClassUtils.java:95)
	at org.apache.velocity.runtime.log.LogManager.createLogChute(LogManager.java:147)
	at org.apache.velocity.runtime.log.LogManager.updateLog(LogManager.java:208)
	at org.apache.velocity.runtime.RuntimeInstance.initializeLog(RuntimeInstance.java:728)
	at org.apache.velocity.runtime.RuntimeInstance.init(RuntimeInstance.java:240)
	at org.apache.velocity.runtime.RuntimeInstance.parse(RuntimeInstance.java:993)
	at org.apache.velocity.runtime.RuntimeInstance.parse(RuntimeInstance.java:972)
	at org.apache.velocity.runtime.RuntimeSingleton.parse(RuntimeSingleton.java:265)
	at org.apache.velocity.app.Velocity.evaluate(Velocity.java:274)
	at org.sonatype.mavenbook.weather.WeatherFormatter.format(WeatherFormatter.java:23)
	at org.sonatype.mavenbook.weather.yahoo.WeatherFormatterTest.testFormat(WeatherFormatterTest.java:23)
	at sun.reflect.NativeMethodAccessorImpl.invoke0(Native Method)
	at sun.reflect.NativeMethodAccessorImpl.invoke(NativeMethodAccessorImpl.java:62)
	at sun.reflect.DelegatingMethodAccessorImpl.invoke(DelegatingMethodAccessorImpl.java:43)
	at java.lang.reflect.Method.invoke(Method.java:498)
	at junit.framework.TestCase.runTest(TestCase.java:154)
	at junit.framework.TestCase.runBare(TestCase.java:127)
	at junit.framework.TestResult$1.protect(TestResult.java:106)
	at junit.framework.TestResult.runProtected(TestResult.java:124)
	at junit.framework.TestResult.run(TestResult.java:109)
	at junit.framework.TestCase.run(TestCase.java:118)
	at junit.framework.TestSuite.runTest(TestSuite.java:208)
	at junit.framework.TestSuite.run(TestSuite.java:203)
	at sun.reflect.NativeMethodAccessorImpl.invoke0(Native Method)
	at sun.reflect.NativeMethodAccessorImpl.invoke(NativeMethodAccessorImpl.java:62)
	at sun.reflect.DelegatingMethodAccessorImpl.invoke(DelegatingMethodAccessorImpl.java:43)
	at java.lang.reflect.Method.invoke(Method.java:498)
	at org.apache.maven.surefire.junit.JUnitTestSet.execute(JUnitTestSet.java:95)
	at org.apache.maven.surefire.junit.JUnit3Provider.executeTestSet(JUnit3Provider.java:121)
	at org.apache.maven.surefire.junit.JUnit3Provider.invoke(JUnit3Provider.java:98)
	at sun.reflect.NativeMethodAccessorImpl.invoke0(Native Method)
	at sun.reflect.NativeMethodAccessorImpl.invoke(NativeMethodAccessorImpl.java:62)
	at sun.reflect.DelegatingMethodAccessorImpl.invoke(DelegatingMethodAccessorImpl.java:43)
	at java.lang.reflect.Method.invoke(Method.java:498)
	at org.apache.maven.surefire.util.ReflectionUtils.invokeMethodWithArray(ReflectionUtils.java:189)
	at org.apache.maven.surefire.booter.ProviderFactory$ProviderProxy.invoke(ProviderFactory.java:165)
	at org.apache.maven.surefire.booter.ProviderFactory.invokeProvider(ProviderFactory.java:85)
	at org.apache.maven.surefire.booter.ForkedBooter.runSuitesInProcess(ForkedBooter.java:115)
	at org.apache.maven.surefire.booter.ForkedBooter.main(ForkedBooter.java:75)
Caused by: java.lang.ClassNotFoundException: org.apache.log.format.Formatter
	at java.net.URLClassLoader.findClass(URLClassLoader.java:381)
	at java.lang.ClassLoader.loadClass(ClassLoader.java:424)
	at sun.misc.Launcher$AppClassLoader.loadClass(Launcher.java:331)
	at java.lang.ClassLoader.loadClass(ClassLoader.java:357)
	... 42 more
2016-08-12 15:38:06,414 - Trying to use logger class org.apache.velocity.runtime.log.Log4JLogChute
2016-08-12 15:38:06,414 - Using logger class org.apache.velocity.runtime.log.Log4JLogChute
2016-08-12 15:38:06,414 - Default ResourceManager initializing. (class org.apache.velocity.runtime.resource.ResourceManagerImpl)
2016-08-12 15:38:06,414 - ResourceLoader instantiated: org.apache.velocity.runtime.resource.loader.FileResourceLoader
2016-08-12 15:38:06,414 - Do unicode file recognition:  false
2016-08-12 15:38:06,414 - FileResourceLoader : adding path '.'
2016-08-12 15:38:06,429 - ResourceCache: initialized (class org.apache.velocity.runtime.resource.ResourceCacheImpl)
2016-08-12 15:38:06,429 - Loaded System Directive: org.apache.velocity.runtime.directive.Literal
2016-08-12 15:38:06,429 - Loaded System Directive: org.apache.velocity.runtime.directive.Macro
2016-08-12 15:38:06,429 - Loaded System Directive: org.apache.velocity.runtime.directive.Parse
2016-08-12 15:38:06,429 - Loaded System Directive: org.apache.velocity.runtime.directive.Include
2016-08-12 15:38:06,429 - Loaded System Directive: org.apache.velocity.runtime.directive.Foreach
2016-08-12 15:38:06,457 - Created '20' parsers.
2016-08-12 15:38:06,461 - Velocimacro : "velocimacro.library" is not set.  Trying default library: VM_global_library.vm
2016-08-12 15:38:06,462 - Velocimacro : Default library not found.
2016-08-12 15:38:06,462 - Velocimacro : allowInline = true : VMs can be defined inline in templates
2016-08-12 15:38:06,462 - Velocimacro : allowInlineToOverride = false : VMs defined inline may NOT replace previous VM definitions
2016-08-12 15:38:06,462 - Velocimacro : allowInlineLocal = false : VMs defined inline will be global in scope if allowed.
2016-08-12 15:38:06,462 - Velocimacro : autoload off : VM system will not automatically reload global library macros
2016-08-15 12:13:58,183 - Log4JLogChute initialized using file 'velocity.log'
2016-08-15 12:13:58,183 - Velocity was not initialized! Calling init()...
2016-08-15 12:13:58,183 - Starting Apache Velocity v1.5 (compiled: 2007-02-22 08:52:29)
2016-08-15 12:13:58,183 - Default Properties File: org\apache\velocity\runtime\defaults\velocity.properties
2016-08-15 12:13:58,183 - Trying to use logger class org.apache.velocity.runtime.log.AvalonLogChute
2016-08-15 12:13:58,183 - Couldn't find class org.apache.velocity.runtime.log.AvalonLogChute or necessary supporting classes in classpath.
java.lang.NoClassDefFoundError: org/apache/log/format/Formatter
	at java.lang.Class.forName0(Native Method)
	at java.lang.Class.forName(Class.java:348)
	at org.apache.velocity.util.ClassUtils.getClass(ClassUtils.java:63)
	at org.apache.velocity.util.ClassUtils.getNewInstance(ClassUtils.java:95)
	at org.apache.velocity.runtime.log.LogManager.createLogChute(LogManager.java:147)
	at org.apache.velocity.runtime.log.LogManager.updateLog(LogManager.java:208)
	at org.apache.velocity.runtime.RuntimeInstance.initializeLog(RuntimeInstance.java:728)
	at org.apache.velocity.runtime.RuntimeInstance.init(RuntimeInstance.java:240)
	at org.apache.velocity.runtime.RuntimeInstance.parse(RuntimeInstance.java:993)
	at org.apache.velocity.runtime.RuntimeInstance.parse(RuntimeInstance.java:972)
	at org.apache.velocity.runtime.RuntimeSingleton.parse(RuntimeSingleton.java:265)
	at org.apache.velocity.app.Velocity.evaluate(Velocity.java:274)
	at org.sonatype.mavenbook.weather.WeatherFormatter.format(WeatherFormatter.java:23)
	at org.sonatype.mavenbook.weather.yahoo.WeatherFormatterTest.testFormat(WeatherFormatterTest.java:23)
	at sun.reflect.NativeMethodAccessorImpl.invoke0(Native Method)
	at sun.reflect.NativeMethodAccessorImpl.invoke(NativeMethodAccessorImpl.java:62)
	at sun.reflect.DelegatingMethodAccessorImpl.invoke(DelegatingMethodAccessorImpl.java:43)
	at java.lang.reflect.Method.invoke(Method.java:498)
	at junit.framework.TestCase.runTest(TestCase.java:154)
	at junit.framework.TestCase.runBare(TestCase.java:127)
	at junit.framework.TestResult$1.protect(TestResult.java:106)
	at junit.framework.TestResult.runProtected(TestResult.java:124)
	at junit.framework.TestResult.run(TestResult.java:109)
	at junit.framework.TestCase.run(TestCase.java:118)
	at junit.framework.TestSuite.runTest(TestSuite.java:208)
	at junit.framework.TestSuite.run(TestSuite.java:203)
	at sun.reflect.NativeMethodAccessorImpl.invoke0(Native Method)
	at sun.reflect.NativeMethodAccessorImpl.invoke(NativeMethodAccessorImpl.java:62)
	at sun.reflect.DelegatingMethodAccessorImpl.invoke(DelegatingMethodAccessorImpl.java:43)
	at java.lang.reflect.Method.invoke(Method.java:498)
	at org.apache.maven.surefire.junit.JUnitTestSet.execute(JUnitTestSet.java:95)
	at org.apache.maven.surefire.junit.JUnit3Provider.executeTestSet(JUnit3Provider.java:121)
	at org.apache.maven.surefire.junit.JUnit3Provider.invoke(JUnit3Provider.java:98)
	at sun.reflect.NativeMethodAccessorImpl.invoke0(Native Method)
	at sun.reflect.NativeMethodAccessorImpl.invoke(NativeMethodAccessorImpl.java:62)
	at sun.reflect.DelegatingMethodAccessorImpl.invoke(DelegatingMethodAccessorImpl.java:43)
	at java.lang.reflect.Method.invoke(Method.java:498)
	at org.apache.maven.surefire.util.ReflectionUtils.invokeMethodWithArray(ReflectionUtils.java:189)
	at org.apache.maven.surefire.booter.ProviderFactory$ProviderProxy.invoke(ProviderFactory.java:165)
	at org.apache.maven.surefire.booter.ProviderFactory.invokeProvider(ProviderFactory.java:85)
	at org.apache.maven.surefire.booter.ForkedBooter.runSuitesInProcess(ForkedBooter.java:115)
	at org.apache.maven.surefire.booter.ForkedBooter.main(ForkedBooter.java:75)
Caused by: java.lang.ClassNotFoundException: org.apache.log.format.Formatter
	at java.net.URLClassLoader.findClass(URLClassLoader.java:381)
	at java.lang.ClassLoader.loadClass(ClassLoader.java:424)
	at sun.misc.Launcher$AppClassLoader.loadClass(Launcher.java:331)
	at java.lang.ClassLoader.loadClass(ClassLoader.java:357)
	... 42 more
2016-08-15 12:13:58,183 - Trying to use logger class org.apache.velocity.runtime.log.Log4JLogChute
2016-08-15 12:13:58,183 - Using logger class org.apache.velocity.runtime.log.Log4JLogChute
2016-08-15 12:13:58,183 - Default ResourceManager initializing. (class org.apache.velocity.runtime.resource.ResourceManagerImpl)
2016-08-15 12:13:58,183 - ResourceLoader instantiated: org.apache.velocity.runtime.resource.loader.FileResourceLoader
2016-08-15 12:13:58,183 - Do unicode file recognition:  false
2016-08-15 12:13:58,183 - FileResourceLoader : adding path '.'
2016-08-15 12:13:58,203 - ResourceCache: initialized (class org.apache.velocity.runtime.resource.ResourceCacheImpl)
2016-08-15 12:13:58,204 - Loaded System Directive: org.apache.velocity.runtime.directive.Literal
2016-08-15 12:13:58,205 - Loaded System Directive: org.apache.velocity.runtime.directive.Macro
2016-08-15 12:13:58,206 - Loaded System Directive: org.apache.velocity.runtime.directive.Parse
2016-08-15 12:13:58,206 - Loaded System Directive: org.apache.velocity.runtime.directive.Include
2016-08-15 12:13:58,207 - Loaded System Directive: org.apache.velocity.runtime.directive.Foreach
2016-08-15 12:13:58,224 - Created '20' parsers.
2016-08-15 12:13:58,228 - Velocimacro : "velocimacro.library" is not set.  Trying default library: VM_global_library.vm
2016-08-15 12:13:58,228 - Velocimacro : Default library not found.
2016-08-15 12:13:58,229 - Velocimacro : allowInline = true : VMs can be defined inline in templates
2016-08-15 12:13:58,229 - Velocimacro : allowInlineToOverride = false : VMs defined inline may NOT replace previous VM definitions
2016-08-15 12:13:58,229 - Velocimacro : allowInlineLocal = false : VMs defined inline will be global in scope if allowed.
2016-08-15 12:13:58,229 - Velocimacro : autoload off : VM system will not automatically reload global library macros
2016-08-15 12:38:18,701 - Log4JLogChute initialized using file 'velocity.log'
2016-08-15 12:38:18,702 - Velocity was not initialized! Calling init()...
2016-08-15 12:38:18,702 - Starting Apache Velocity v1.5 (compiled: 2007-02-22 08:52:29)
2016-08-15 12:38:18,702 - Default Properties File: org\apache\velocity\runtime\defaults\velocity.properties
2016-08-15 12:38:18,702 - Trying to use logger class org.apache.velocity.runtime.log.AvalonLogChute
2016-08-15 12:38:18,704 - Couldn't find class org.apache.velocity.runtime.log.AvalonLogChute or necessary supporting classes in classpath.
java.lang.NoClassDefFoundError: org/apache/log/format/Formatter
	at java.lang.Class.forName0(Native Method)
	at java.lang.Class.forName(Class.java:348)
	at org.apache.velocity.util.ClassUtils.getClass(ClassUtils.java:63)
	at org.apache.velocity.util.ClassUtils.getNewInstance(ClassUtils.java:95)
	at org.apache.velocity.runtime.log.LogManager.createLogChute(LogManager.java:147)
	at org.apache.velocity.runtime.log.LogManager.updateLog(LogManager.java:208)
	at org.apache.velocity.runtime.RuntimeInstance.initializeLog(RuntimeInstance.java:728)
	at org.apache.velocity.runtime.RuntimeInstance.init(RuntimeInstance.java:240)
	at org.apache.velocity.runtime.RuntimeInstance.parse(RuntimeInstance.java:993)
	at org.apache.velocity.runtime.RuntimeInstance.parse(RuntimeInstance.java:972)
	at org.apache.velocity.runtime.RuntimeSingleton.parse(RuntimeSingleton.java:265)
	at org.apache.velocity.app.Velocity.evaluate(Velocity.java:274)
	at org.sonatype.mavenbook.weather.WeatherFormatter.format(WeatherFormatter.java:23)
	at org.sonatype.mavenbook.weather.yahoo.WeatherFormatterTest.testFormat(WeatherFormatterTest.java:23)
	at sun.reflect.NativeMethodAccessorImpl.invoke0(Native Method)
	at sun.reflect.NativeMethodAccessorImpl.invoke(NativeMethodAccessorImpl.java:62)
	at sun.reflect.DelegatingMethodAccessorImpl.invoke(DelegatingMethodAccessorImpl.java:43)
	at java.lang.reflect.Method.invoke(Method.java:498)
	at junit.framework.TestCase.runTest(TestCase.java:154)
	at junit.framework.TestCase.runBare(TestCase.java:127)
	at junit.framework.TestResult$1.protect(TestResult.java:106)
	at junit.framework.TestResult.runProtected(TestResult.java:124)
	at junit.framework.TestResult.run(TestResult.java:109)
	at junit.framework.TestCase.run(TestCase.java:118)
	at junit.framework.TestSuite.runTest(TestSuite.java:208)
	at junit.framework.TestSuite.run(TestSuite.java:203)
	at sun.reflect.NativeMethodAccessorImpl.invoke0(Native Method)
	at sun.reflect.NativeMethodAccessorImpl.invoke(NativeMethodAccessorImpl.java:62)
	at sun.reflect.DelegatingMethodAccessorImpl.invoke(DelegatingMethodAccessorImpl.java:43)
	at java.lang.reflect.Method.invoke(Method.java:498)
	at org.apache.maven.surefire.junit.JUnitTestSet.execute(JUnitTestSet.java:95)
	at org.apache.maven.surefire.junit.JUnit3Provider.executeTestSet(JUnit3Provider.java:121)
	at org.apache.maven.surefire.junit.JUnit3Provider.invoke(JUnit3Provider.java:98)
	at sun.reflect.NativeMethodAccessorImpl.invoke0(Native Method)
	at sun.reflect.NativeMethodAccessorImpl.invoke(NativeMethodAccessorImpl.java:62)
	at sun.reflect.DelegatingMethodAccessorImpl.invoke(DelegatingMethodAccessorImpl.java:43)
	at java.lang.reflect.Method.invoke(Method.java:498)
	at org.apache.maven.surefire.util.ReflectionUtils.invokeMethodWithArray(ReflectionUtils.java:189)
	at org.apache.maven.surefire.booter.ProviderFactory$ProviderProxy.invoke(ProviderFactory.java:165)
	at org.apache.maven.surefire.booter.ProviderFactory.invokeProvider(ProviderFactory.java:85)
	at org.apache.maven.surefire.booter.ForkedBooter.runSuitesInProcess(ForkedBooter.java:115)
	at org.apache.maven.surefire.booter.ForkedBooter.main(ForkedBooter.java:75)
Caused by: java.lang.ClassNotFoundException: org.apache.log.format.Formatter
	at java.net.URLClassLoader.findClass(URLClassLoader.java:381)
	at java.lang.ClassLoader.loadClass(ClassLoader.java:424)
	at sun.misc.Launcher$AppClassLoader.loadClass(Launcher.java:331)
	at java.lang.ClassLoader.loadClass(ClassLoader.java:357)
	... 42 more
2016-08-15 12:38:18,706 - Trying to use logger class org.apache.velocity.runtime.log.Log4JLogChute
2016-08-15 12:38:18,706 - Using logger class org.apache.velocity.runtime.log.Log4JLogChute
2016-08-15 12:38:18,708 - Default ResourceManager initializing. (class org.apache.velocity.runtime.resource.ResourceManagerImpl)
2016-08-15 12:38:18,712 - ResourceLoader instantiated: org.apache.velocity.runtime.resource.loader.FileResourceLoader
2016-08-15 12:38:18,713 - Do unicode file recognition:  false
2016-08-15 12:38:18,713 - FileResourceLoader : adding path '.'
2016-08-15 12:38:18,713 - ResourceCache: initialized (class org.apache.velocity.runtime.resource.ResourceCacheImpl)
2016-08-15 12:38:18,713 - Loaded System Directive: org.apache.velocity.runtime.directive.Literal
2016-08-15 12:38:18,713 - Loaded System Directive: org.apache.velocity.runtime.directive.Macro
2016-08-15 12:38:18,713 - Loaded System Directive: org.apache.velocity.runtime.directive.Parse
2016-08-15 12:38:18,713 - Loaded System Directive: org.apache.velocity.runtime.directive.Include
2016-08-15 12:38:18,729 - Loaded System Directive: org.apache.velocity.runtime.directive.Foreach
2016-08-15 12:38:18,755 - Created '20' parsers.
2016-08-15 12:38:18,759 - Velocimacro : "velocimacro.library" is not set.  Trying default library: VM_global_library.vm
2016-08-15 12:38:18,760 - Velocimacro : Default library not found.
2016-08-15 12:38:18,760 - Velocimacro : allowInline = true : VMs can be defined inline in templates
2016-08-15 12:38:18,760 - Velocimacro : allowInlineToOverride = false : VMs defined inline may NOT replace previous VM definitions
2016-08-15 12:38:18,760 - Velocimacro : allowInlineLocal = false : VMs defined inline will be global in scope if allowed.
2016-08-15 12:38:18,760 - Velocimacro : autoload off : VM system will not automatically reload global library macros
2016-08-15 12:48:38,762 - Log4JLogChute initialized using file 'velocity.log'
2016-08-15 12:48:38,762 - Velocity was not initialized! Calling init()...
2016-08-15 12:48:38,762 - Starting Apache Velocity v1.5 (compiled: 2007-02-22 08:52:29)
2016-08-15 12:48:38,762 - Default Properties File: org\apache\velocity\runtime\defaults\velocity.properties
2016-08-15 12:48:38,762 - Trying to use logger class org.apache.velocity.runtime.log.AvalonLogChute
2016-08-15 12:48:38,762 - Couldn't find class org.apache.velocity.runtime.log.AvalonLogChute or necessary supporting classes in classpath.
java.lang.NoClassDefFoundError: org/apache/log/format/Formatter
	at java.lang.Class.forName0(Native Method)
	at java.lang.Class.forName(Class.java:348)
	at org.apache.velocity.util.ClassUtils.getClass(ClassUtils.java:63)
	at org.apache.velocity.util.ClassUtils.getNewInstance(ClassUtils.java:95)
	at org.apache.velocity.runtime.log.LogManager.createLogChute(LogManager.java:147)
	at org.apache.velocity.runtime.log.LogManager.updateLog(LogManager.java:208)
	at org.apache.velocity.runtime.RuntimeInstance.initializeLog(RuntimeInstance.java:728)
	at org.apache.velocity.runtime.RuntimeInstance.init(RuntimeInstance.java:240)
	at org.apache.velocity.runtime.RuntimeInstance.parse(RuntimeInstance.java:993)
	at org.apache.velocity.runtime.RuntimeInstance.parse(RuntimeInstance.java:972)
	at org.apache.velocity.runtime.RuntimeSingleton.parse(RuntimeSingleton.java:265)
	at org.apache.velocity.app.Velocity.evaluate(Velocity.java:274)
	at org.sonatype.mavenbook.weather.WeatherFormatter.format(WeatherFormatter.java:23)
	at org.sonatype.mavenbook.weather.yahoo.WeatherFormatterTest.testFormat(WeatherFormatterTest.java:23)
	at sun.reflect.NativeMethodAccessorImpl.invoke0(Native Method)
	at sun.reflect.NativeMethodAccessorImpl.invoke(NativeMethodAccessorImpl.java:62)
	at sun.reflect.DelegatingMethodAccessorImpl.invoke(DelegatingMethodAccessorImpl.java:43)
	at java.lang.reflect.Method.invoke(Method.java:498)
	at junit.framework.TestCase.runTest(TestCase.java:154)
	at junit.framework.TestCase.runBare(TestCase.java:127)
	at junit.framework.TestResult$1.protect(TestResult.java:106)
	at junit.framework.TestResult.runProtected(TestResult.java:124)
	at junit.framework.TestResult.run(TestResult.java:109)
	at junit.framework.TestCase.run(TestCase.java:118)
	at junit.framework.TestSuite.runTest(TestSuite.java:208)
	at junit.framework.TestSuite.run(TestSuite.java:203)
	at sun.reflect.NativeMethodAccessorImpl.invoke0(Native Method)
	at sun.reflect.NativeMethodAccessorImpl.invoke(NativeMethodAccessorImpl.java:62)
	at sun.reflect.DelegatingMethodAccessorImpl.invoke(DelegatingMethodAccessorImpl.java:43)
	at java.lang.reflect.Method.invoke(Method.java:498)
	at org.apache.maven.surefire.junit.JUnitTestSet.execute(JUnitTestSet.java:95)
	at org.apache.maven.surefire.junit.JUnit3Provider.executeTestSet(JUnit3Provider.java:121)
	at org.apache.maven.surefire.junit.JUnit3Provider.invoke(JUnit3Provider.java:98)
	at sun.reflect.NativeMethodAccessorImpl.invoke0(Native Method)
	at sun.reflect.NativeMethodAccessorImpl.invoke(NativeMethodAccessorImpl.java:62)
	at sun.reflect.DelegatingMethodAccessorImpl.invoke(DelegatingMethodAccessorImpl.java:43)
	at java.lang.reflect.Method.invoke(Method.java:498)
	at org.apache.maven.surefire.util.ReflectionUtils.invokeMethodWithArray(ReflectionUtils.java:189)
	at org.apache.maven.surefire.booter.ProviderFactory$ProviderProxy.invoke(ProviderFactory.java:165)
	at org.apache.maven.surefire.booter.ProviderFactory.invokeProvider(ProviderFactory.java:85)
	at org.apache.maven.surefire.booter.ForkedBooter.runSuitesInProcess(ForkedBooter.java:115)
	at org.apache.maven.surefire.booter.ForkedBooter.main(ForkedBooter.java:75)
Caused by: java.lang.ClassNotFoundException: org.apache.log.format.Formatter
	at java.net.URLClassLoader.findClass(URLClassLoader.java:381)
	at java.lang.ClassLoader.loadClass(ClassLoader.java:424)
	at sun.misc.Launcher$AppClassLoader.loadClass(Launcher.java:331)
	at java.lang.ClassLoader.loadClass(ClassLoader.java:357)
	... 42 more
2016-08-15 12:48:38,762 - Trying to use logger class org.apache.velocity.runtime.log.Log4JLogChute
2016-08-15 12:48:38,762 - Using logger class org.apache.velocity.runtime.log.Log4JLogChute
2016-08-15 12:48:38,762 - Default ResourceManager initializing. (class org.apache.velocity.runtime.resource.ResourceManagerImpl)
2016-08-15 12:48:38,778 - ResourceLoader instantiated: org.apache.velocity.runtime.resource.loader.FileResourceLoader
2016-08-15 12:48:38,778 - Do unicode file recognition:  false
2016-08-15 12:48:38,778 - FileResourceLoader : adding path '.'
2016-08-15 12:48:38,778 - ResourceCache: initialized (class org.apache.velocity.runtime.resource.ResourceCacheImpl)
2016-08-15 12:48:38,778 - Loaded System Directive: org.apache.velocity.runtime.directive.Literal
2016-08-15 12:48:38,778 - Loaded System Directive: org.apache.velocity.runtime.directive.Macro
2016-08-15 12:48:38,778 - Loaded System Directive: org.apache.velocity.runtime.directive.Parse
2016-08-15 12:48:38,778 - Loaded System Directive: org.apache.velocity.runtime.directive.Include
2016-08-15 12:48:38,778 - Loaded System Directive: org.apache.velocity.runtime.directive.Foreach
2016-08-15 12:48:38,809 - Created '20' parsers.
2016-08-15 12:48:38,809 - Velocimacro : "velocimacro.library" is not set.  Trying default library: VM_global_library.vm
2016-08-15 12:48:38,809 - Velocimacro : Default library not found.
2016-08-15 12:48:38,809 - Velocimacro : allowInline = true : VMs can be defined inline in templates
2016-08-15 12:48:38,809 - Velocimacro : allowInlineToOverride = false : VMs defined inline may NOT replace previous VM definitions
2016-08-15 12:48:38,809 - Velocimacro : allowInlineLocal = false : VMs defined inline will be global in scope if allowed.
2016-08-15 12:48:38,809 - Velocimacro : autoload off : VM system will not automatically reload global library macros
2016-08-15 12:49:27,615 - Log4JLogChute initialized using file 'velocity.log'
2016-08-15 12:49:27,615 - Velocity was not initialized! Calling init()...
2016-08-15 12:49:27,615 - Starting Apache Velocity v1.5 (compiled: 2007-02-22 08:52:29)
2016-08-15 12:49:27,615 - Default Properties File: org\apache\velocity\runtime\defaults\velocity.properties
2016-08-15 12:49:27,615 - Trying to use logger class org.apache.velocity.runtime.log.AvalonLogChute
2016-08-15 12:49:27,615 - Couldn't find class org.apache.velocity.runtime.log.AvalonLogChute or necessary supporting classes in classpath.
java.lang.NoClassDefFoundError: org/apache/log/format/Formatter
	at java.lang.Class.forName0(Native Method)
	at java.lang.Class.forName(Class.java:348)
	at org.apache.velocity.util.ClassUtils.getClass(ClassUtils.java:63)
	at org.apache.velocity.util.ClassUtils.getNewInstance(ClassUtils.java:95)
	at org.apache.velocity.runtime.log.LogManager.createLogChute(LogManager.java:147)
	at org.apache.velocity.runtime.log.LogManager.updateLog(LogManager.java:208)
	at org.apache.velocity.runtime.RuntimeInstance.initializeLog(RuntimeInstance.java:728)
	at org.apache.velocity.runtime.RuntimeInstance.init(RuntimeInstance.java:240)
	at org.apache.velocity.runtime.RuntimeInstance.parse(RuntimeInstance.java:993)
	at org.apache.velocity.runtime.RuntimeInstance.parse(RuntimeInstance.java:972)
	at org.apache.velocity.runtime.RuntimeSingleton.parse(RuntimeSingleton.java:265)
	at org.apache.velocity.app.Velocity.evaluate(Velocity.java:274)
	at org.sonatype.mavenbook.weather.WeatherFormatter.format(WeatherFormatter.java:23)
	at org.sonatype.mavenbook.weather.yahoo.WeatherFormatterTest.testFormat(WeatherFormatterTest.java:23)
	at sun.reflect.NativeMethodAccessorImpl.invoke0(Native Method)
	at sun.reflect.NativeMethodAccessorImpl.invoke(NativeMethodAccessorImpl.java:62)
	at sun.reflect.DelegatingMethodAccessorImpl.invoke(DelegatingMethodAccessorImpl.java:43)
	at java.lang.reflect.Method.invoke(Method.java:498)
	at junit.framework.TestCase.runTest(TestCase.java:154)
	at junit.framework.TestCase.runBare(TestCase.java:127)
	at junit.framework.TestResult$1.protect(TestResult.java:106)
	at junit.framework.TestResult.runProtected(TestResult.java:124)
	at junit.framework.TestResult.run(TestResult.java:109)
	at junit.framework.TestCase.run(TestCase.java:118)
	at junit.framework.TestSuite.runTest(TestSuite.java:208)
	at junit.framework.TestSuite.run(TestSuite.java:203)
	at sun.reflect.NativeMethodAccessorImpl.invoke0(Native Method)
	at sun.reflect.NativeMethodAccessorImpl.invoke(NativeMethodAccessorImpl.java:62)
	at sun.reflect.DelegatingMethodAccessorImpl.invoke(DelegatingMethodAccessorImpl.java:43)
	at java.lang.reflect.Method.invoke(Method.java:498)
	at org.apache.maven.surefire.junit.JUnitTestSet.execute(JUnitTestSet.java:95)
	at org.apache.maven.surefire.junit.JUnit3Provider.executeTestSet(JUnit3Provider.java:121)
	at org.apache.maven.surefire.junit.JUnit3Provider.invoke(JUnit3Provider.java:98)
	at sun.reflect.NativeMethodAccessorImpl.invoke0(Native Method)
	at sun.reflect.NativeMethodAccessorImpl.invoke(NativeMethodAccessorImpl.java:62)
	at sun.reflect.DelegatingMethodAccessorImpl.invoke(DelegatingMethodAccessorImpl.java:43)
	at java.lang.reflect.Method.invoke(Method.java:498)
	at org.apache.maven.surefire.util.ReflectionUtils.invokeMethodWithArray(ReflectionUtils.java:189)
	at org.apache.maven.surefire.booter.ProviderFactory$ProviderProxy.invoke(ProviderFactory.java:165)
	at org.apache.maven.surefire.booter.ProviderFactory.invokeProvider(ProviderFactory.java:85)
	at org.apache.maven.surefire.booter.ForkedBooter.runSuitesInProcess(ForkedBooter.java:115)
	at org.apache.maven.surefire.booter.ForkedBooter.main(ForkedBooter.java:75)
Caused by: java.lang.ClassNotFoundException: org.apache.log.format.Formatter
	at java.net.URLClassLoader.findClass(URLClassLoader.java:381)
	at java.lang.ClassLoader.loadClass(ClassLoader.java:424)
	at sun.misc.Launcher$AppClassLoader.loadClass(Launcher.java:331)
	at java.lang.ClassLoader.loadClass(ClassLoader.java:357)
	... 42 more
2016-08-15 12:49:27,615 - Trying to use logger class org.apache.velocity.runtime.log.Log4JLogChute
2016-08-15 12:49:27,615 - Using logger class org.apache.velocity.runtime.log.Log4JLogChute
2016-08-15 12:49:27,615 - Default ResourceManager initializing. (class org.apache.velocity.runtime.resource.ResourceManagerImpl)
2016-08-15 12:49:27,615 - ResourceLoader instantiated: org.apache.velocity.runtime.resource.loader.FileResourceLoader
2016-08-15 12:49:27,615 - Do unicode file recognition:  false
2016-08-15 12:49:27,615 - FileResourceLoader : adding path '.'
2016-08-15 12:49:27,631 - ResourceCache: initialized (class org.apache.velocity.runtime.resource.ResourceCacheImpl)
2016-08-15 12:49:27,631 - Loaded System Directive: org.apache.velocity.runtime.directive.Literal
2016-08-15 12:49:27,631 - Loaded System Directive: org.apache.velocity.runtime.directive.Macro
2016-08-15 12:49:27,631 - Loaded System Directive: org.apache.velocity.runtime.directive.Parse
2016-08-15 12:49:27,631 - Loaded System Directive: org.apache.velocity.runtime.directive.Include
2016-08-15 12:49:27,631 - Loaded System Directive: org.apache.velocity.runtime.directive.Foreach
2016-08-15 12:49:27,659 - Created '20' parsers.
2016-08-15 12:49:27,662 - Velocimacro : "velocimacro.library" is not set.  Trying default library: VM_global_library.vm
2016-08-15 12:49:27,663 - Velocimacro : Default library not found.
2016-08-15 12:49:27,663 - Velocimacro : allowInline = true : VMs can be defined inline in templates
2016-08-15 12:49:27,663 - Velocimacro : allowInlineToOverride = false : VMs defined inline may NOT replace previous VM definitions
2016-08-15 12:49:27,663 - Velocimacro : allowInlineLocal = false : VMs defined inline will be global in scope if allowed.
2016-08-15 12:49:27,663 - Velocimacro : autoload off : VM system will not automatically reload global library macros
2016-08-15 12:59:55,505 - Log4JLogChute initialized using file 'velocity.log'
2016-08-15 12:59:55,505 - Velocity was not initialized! Calling init()...
2016-08-15 12:59:55,507 - Starting Apache Velocity v1.5 (compiled: 2007-02-22 08:52:29)
2016-08-15 12:59:55,507 - Default Properties File: org\apache\velocity\runtime\defaults\velocity.properties
2016-08-15 12:59:55,507 - Trying to use logger class org.apache.velocity.runtime.log.AvalonLogChute
2016-08-15 12:59:55,507 - Couldn't find class org.apache.velocity.runtime.log.AvalonLogChute or necessary supporting classes in classpath.
java.lang.NoClassDefFoundError: org/apache/log/format/Formatter
	at java.lang.Class.forName0(Native Method)
	at java.lang.Class.forName(Class.java:348)
	at org.apache.velocity.util.ClassUtils.getClass(ClassUtils.java:63)
	at org.apache.velocity.util.ClassUtils.getNewInstance(ClassUtils.java:95)
	at org.apache.velocity.runtime.log.LogManager.createLogChute(LogManager.java:147)
	at org.apache.velocity.runtime.log.LogManager.updateLog(LogManager.java:208)
	at org.apache.velocity.runtime.RuntimeInstance.initializeLog(RuntimeInstance.java:728)
	at org.apache.velocity.runtime.RuntimeInstance.init(RuntimeInstance.java:240)
	at org.apache.velocity.runtime.RuntimeInstance.parse(RuntimeInstance.java:993)
	at org.apache.velocity.runtime.RuntimeInstance.parse(RuntimeInstance.java:972)
	at org.apache.velocity.runtime.RuntimeSingleton.parse(RuntimeSingleton.java:265)
	at org.apache.velocity.app.Velocity.evaluate(Velocity.java:274)
	at org.sonatype.mavenbook.weather.WeatherFormatter.format(WeatherFormatter.java:23)
	at org.sonatype.mavenbook.weather.yahoo.WeatherFormatterTest.testFormat(WeatherFormatterTest.java:23)
	at sun.reflect.NativeMethodAccessorImpl.invoke0(Native Method)
	at sun.reflect.NativeMethodAccessorImpl.invoke(NativeMethodAccessorImpl.java:62)
	at sun.reflect.DelegatingMethodAccessorImpl.invoke(DelegatingMethodAccessorImpl.java:43)
	at java.lang.reflect.Method.invoke(Method.java:498)
	at junit.framework.TestCase.runTest(TestCase.java:154)
	at junit.framework.TestCase.runBare(TestCase.java:127)
	at junit.framework.TestResult$1.protect(TestResult.java:106)
	at junit.framework.TestResult.runProtected(TestResult.java:124)
	at junit.framework.TestResult.run(TestResult.java:109)
	at junit.framework.TestCase.run(TestCase.java:118)
	at junit.framework.TestSuite.runTest(TestSuite.java:208)
	at junit.framework.TestSuite.run(TestSuite.java:203)
	at sun.reflect.NativeMethodAccessorImpl.invoke0(Native Method)
	at sun.reflect.NativeMethodAccessorImpl.invoke(NativeMethodAccessorImpl.java:62)
	at sun.reflect.DelegatingMethodAccessorImpl.invoke(DelegatingMethodAccessorImpl.java:43)
	at java.lang.reflect.Method.invoke(Method.java:498)
	at org.apache.maven.surefire.junit.JUnitTestSet.execute(JUnitTestSet.java:95)
	at org.apache.maven.surefire.junit.JUnit3Provider.executeTestSet(JUnit3Provider.java:121)
	at org.apache.maven.surefire.junit.JUnit3Provider.invoke(JUnit3Provider.java:98)
	at sun.reflect.NativeMethodAccessorImpl.invoke0(Native Method)
	at sun.reflect.NativeMethodAccessorImpl.invoke(NativeMethodAccessorImpl.java:62)
	at sun.reflect.DelegatingMethodAccessorImpl.invoke(DelegatingMethodAccessorImpl.java:43)
	at java.lang.reflect.Method.invoke(Method.java:498)
	at org.apache.maven.surefire.util.ReflectionUtils.invokeMethodWithArray(ReflectionUtils.java:189)
	at org.apache.maven.surefire.booter.ProviderFactory$ProviderProxy.invoke(ProviderFactory.java:165)
	at org.apache.maven.surefire.booter.ProviderFactory.invokeProvider(ProviderFactory.java:85)
	at org.apache.maven.surefire.booter.ForkedBooter.runSuitesInProcess(ForkedBooter.java:115)
	at org.apache.maven.surefire.booter.ForkedBooter.main(ForkedBooter.java:75)
Caused by: java.lang.ClassNotFoundException: org.apache.log.format.Formatter
	at java.net.URLClassLoader.findClass(URLClassLoader.java:381)
	at java.lang.ClassLoader.loadClass(ClassLoader.java:424)
	at sun.misc.Launcher$AppClassLoader.loadClass(Launcher.java:331)
	at java.lang.ClassLoader.loadClass(ClassLoader.java:357)
	... 42 more
2016-08-15 12:59:55,507 - Trying to use logger class org.apache.velocity.runtime.log.Log4JLogChute
2016-08-15 12:59:55,507 - Using logger class org.apache.velocity.runtime.log.Log4JLogChute
2016-08-15 12:59:55,507 - Default ResourceManager initializing. (class org.apache.velocity.runtime.resource.ResourceManagerImpl)
2016-08-15 12:59:55,507 - ResourceLoader instantiated: org.apache.velocity.runtime.resource.loader.FileResourceLoader
2016-08-15 12:59:55,507 - Do unicode file recognition:  false
2016-08-15 12:59:55,507 - FileResourceLoader : adding path '.'
2016-08-15 12:59:55,522 - ResourceCache: initialized (class org.apache.velocity.runtime.resource.ResourceCacheImpl)
2016-08-15 12:59:55,522 - Loaded System Directive: org.apache.velocity.runtime.directive.Literal
2016-08-15 12:59:55,522 - Loaded System Directive: org.apache.velocity.runtime.directive.Macro
2016-08-15 12:59:55,522 - Loaded System Directive: org.apache.velocity.runtime.directive.Parse
2016-08-15 12:59:55,522 - Loaded System Directive: org.apache.velocity.runtime.directive.Include
2016-08-15 12:59:55,522 - Loaded System Directive: org.apache.velocity.runtime.directive.Foreach
2016-08-15 12:59:55,546 - Created '20' parsers.
2016-08-15 12:59:55,550 - Velocimacro : "velocimacro.library" is not set.  Trying default library: VM_global_library.vm
2016-08-15 12:59:55,550 - Velocimacro : Default library not found.
2016-08-15 12:59:55,550 - Velocimacro : allowInline = true : VMs can be defined inline in templates
2016-08-15 12:59:55,550 - Velocimacro : allowInlineToOverride = false : VMs defined inline may NOT replace previous VM definitions
2016-08-15 12:59:55,550 - Velocimacro : allowInlineLocal = false : VMs defined inline will be global in scope if allowed.
2016-08-15 12:59:55,550 - Velocimacro : autoload off : VM system will not automatically reload global library macros
